<?xml version="1.0" encoding="UTF-8"?>
<testsuite name="com.kim.board.springboot.web.HelloControllerTest" tests="2" skipped="0" failures="0" errors="0" timestamp="2022-06-08T17:40:13" hostname="DESKTOP-L4ID8V1" time="0.208">
  <properties/>
  <testcase name="helloReturn" classname="com.kim.board.springboot.web.HelloControllerTest" time="0.054"/>
  <testcase name="helloDtoReturn" classname="com.kim.board.springboot.web.HelloControllerTest" time="0.154"/>
  <system-out><![CDATA[2022-06-09 02:40:11.483  INFO 9900 --- [    Test worker] .b.t.a.w.s.WebMvcTestContextBootstrapper : Neither @ContextConfiguration nor @ContextHierarchy found for test class [com.kim.board.springboot.web.HelloControllerTest], using SpringBootContextLoader
2022-06-09 02:40:11.484  INFO 9900 --- [    Test worker] o.s.t.c.support.AbstractContextLoader    : Could not detect default resource locations for test class [com.kim.board.springboot.web.HelloControllerTest]: no resource found for suffixes {-context.xml, Context.groovy}.
2022-06-09 02:40:11.484  INFO 9900 --- [    Test worker] t.c.s.AnnotationConfigContextLoaderUtils : Could not detect default configuration classes for test class [com.kim.board.springboot.web.HelloControllerTest]: HelloControllerTest does not declare any static, non-private, non-final, nested classes annotated with @Configuration.
2022-06-09 02:40:11.509  INFO 9900 --- [    Test worker] .b.t.c.SpringBootTestContextBootstrapper : Found @SpringBootConfiguration com.kim.board.springboot.Application for test class com.kim.board.springboot.web.HelloControllerTest
2022-06-09 02:40:11.510  INFO 9900 --- [    Test worker] .b.t.a.w.s.WebMvcTestContextBootstrapper : Loaded default TestExecutionListener class names from location [META-INF/spring.factories]: [org.springframework.security.test.context.support.WithSecurityContextTestExecutionListener, org.springframework.security.test.context.support.ReactorContextTestExecutionListener, org.springframework.boot.test.autoconfigure.restdocs.RestDocsTestExecutionListener, org.springframework.boot.test.autoconfigure.web.client.MockRestServiceServerResetTestExecutionListener, org.springframework.boot.test.autoconfigure.web.servlet.MockMvcPrintOnlyOnFailureTestExecutionListener, org.springframework.boot.test.autoconfigure.web.servlet.WebDriverTestExecutionListener, org.springframework.boot.test.mock.mockito.MockitoTestExecutionListener, org.springframework.boot.test.mock.mockito.ResetMocksTestExecutionListener, org.springframework.test.context.web.ServletTestExecutionListener, org.springframework.test.context.support.DirtiesContextBeforeModesTestExecutionListener, org.springframework.test.context.support.DependencyInjectionTestExecutionListener, org.springframework.test.context.support.DirtiesContextTestExecutionListener, org.springframework.test.context.transaction.TransactionalTestExecutionListener, org.springframework.test.context.jdbc.SqlScriptsTestExecutionListener]
2022-06-09 02:40:11.512  INFO 9900 --- [    Test worker] .b.t.a.w.s.WebMvcTestContextBootstrapper : Using TestExecutionListeners: [org.springframework.test.context.web.ServletTestExecutionListener@6a4dc024, org.springframework.test.context.support.DirtiesContextBeforeModesTestExecutionListener@7b521586, org.springframework.boot.test.mock.mockito.MockitoTestExecutionListener@7fcd12ee, org.springframework.boot.test.autoconfigure.SpringBootDependencyInjectionTestExecutionListener@9b4655b, org.springframework.test.context.support.DirtiesContextTestExecutionListener@dfcd8a9, org.springframework.test.context.transaction.TransactionalTestExecutionListener@666912b5, org.springframework.test.context.jdbc.SqlScriptsTestExecutionListener@71a436f4, org.springframework.security.test.context.support.WithSecurityContextTestExecutionListener@5b101b26, org.springframework.security.test.context.support.ReactorContextTestExecutionListener@3042b97d, org.springframework.boot.test.autoconfigure.restdocs.RestDocsTestExecutionListener@1e10f97a, org.springframework.boot.test.autoconfigure.web.client.MockRestServiceServerResetTestExecutionListener@4e536fda, org.springframework.boot.test.autoconfigure.web.servlet.MockMvcPrintOnlyOnFailureTestExecutionListener@1541941d, org.springframework.boot.test.autoconfigure.web.servlet.WebDriverTestExecutionListener@30ed4e99, org.springframework.boot.test.mock.mockito.ResetMocksTestExecutionListener@292fbad7]

  .   ____          _            __ _ _
 /\\ / ___'_ __ _ _(_)_ __  __ _ \ \ \ \
( ( )\___ | '_ | '_| | '_ \/ _` | \ \ \ \
 \\/  ___)| |_)| | | | | || (_| |  ) ) ) )
  '  |____| .__|_| |_|_| |_\__, | / / / /
 =========|_|==============|___/=/_/_/_/
 :: Spring Boot ::        (v2.1.7.RELEASE)

2022-06-09 02:40:11.606  INFO 9900 --- [    Test worker] c.k.b.s.web.HelloControllerTest          : Starting HelloControllerTest on DESKTOP-L4ID8V1 with PID 9900 (started by kihyun in C:\Users\kihyun\Documents\projects\board-service)
2022-06-09 02:40:11.608  INFO 9900 --- [    Test worker] c.k.b.s.web.HelloControllerTest          : The following profiles are active: oauth
2022-06-09 02:40:12.364  INFO 9900 --- [    Test worker] o.s.s.concurrent.ThreadPoolTaskExecutor  : Initializing ExecutorService 'applicationTaskExecutor'
2022-06-09 02:40:12.401  INFO 9900 --- [    Test worker] o.s.b.a.w.s.WelcomePageHandlerMapping    : Adding welcome page template: index
2022-06-09 02:40:12.696  INFO 9900 --- [    Test worker] .s.s.UserDetailsServiceAutoConfiguration : 

Using generated security password: 8e933d5c-e8da-4f7a-acda-9bde9d466ea9

2022-06-09 02:40:12.916  INFO 9900 --- [    Test worker] o.s.s.web.DefaultSecurityFilterChain     : Creating filter chain: any request, [org.springframework.security.web.context.request.async.WebAsyncManagerIntegrationFilter@6a542045, org.springframework.security.web.context.SecurityContextPersistenceFilter@391253d2, org.springframework.security.web.header.HeaderWriterFilter@527c3d98, org.springframework.security.web.csrf.CsrfFilter@5d490f81, org.springframework.security.web.authentication.logout.LogoutFilter@766c06b8, org.springframework.security.web.authentication.UsernamePasswordAuthenticationFilter@77c2c171, org.springframework.security.web.authentication.ui.DefaultLoginPageGeneratingFilter@75ca0b9b, org.springframework.security.web.authentication.ui.DefaultLogoutPageGeneratingFilter@2f2e4f21, org.springframework.security.web.authentication.www.BasicAuthenticationFilter@22b85db9, org.springframework.security.web.savedrequest.RequestCacheAwareFilter@61388b46, org.springframework.security.web.servletapi.SecurityContextHolderAwareRequestFilter@521bea04, org.springframework.security.web.authentication.AnonymousAuthenticationFilter@4f9b8ae8, org.springframework.security.web.session.SessionManagementFilter@475c0551, org.springframework.security.web.access.ExceptionTranslationFilter@bda751b, org.springframework.security.web.access.intercept.FilterSecurityInterceptor@5eddc932]
2022-06-09 02:40:12.941  INFO 9900 --- [    Test worker] o.s.b.t.m.w.SpringBootMockServletContext : Initializing Spring TestDispatcherServlet ''
2022-06-09 02:40:12.942  INFO 9900 --- [    Test worker] o.s.t.web.servlet.TestDispatcherServlet  : Initializing Servlet ''
2022-06-09 02:40:12.959  INFO 9900 --- [    Test worker] o.s.t.web.servlet.TestDispatcherServlet  : Completed initialization in 17 ms
2022-06-09 02:40:13.007  INFO 9900 --- [    Test worker] c.k.b.s.web.HelloControllerTest          : Started HelloControllerTest in 1.493 seconds (JVM running for 17.355)
]]></system-out>
  <system-err><![CDATA[]]></system-err>
</testsuite>
