<?xml version="1.0" encoding="UTF-8"?>
<testsuite name="com.kim.board.springboot.web.IndexControllerTest" tests="1" skipped="0" failures="0" errors="0" timestamp="2022-06-08T17:40:07" hostname="DESKTOP-L4ID8V1" time="0.541">
  <properties/>
  <testcase name="mainPage_loading" classname="com.kim.board.springboot.web.IndexControllerTest" time="0.541"/>
  <system-out><![CDATA[02:39:56.722 [Test worker] DEBUG org.springframework.test.context.junit4.SpringJUnit4ClassRunner - SpringJUnit4ClassRunner constructor called with [class com.kim.board.springboot.web.IndexControllerTest]
02:39:56.738 [Test worker] DEBUG org.springframework.test.context.BootstrapUtils - Instantiating CacheAwareContextLoaderDelegate from class [org.springframework.test.context.cache.DefaultCacheAwareContextLoaderDelegate]
02:39:56.755 [Test worker] DEBUG org.springframework.test.context.BootstrapUtils - Instantiating BootstrapContext using constructor [public org.springframework.test.context.support.DefaultBootstrapContext(java.lang.Class,org.springframework.test.context.CacheAwareContextLoaderDelegate)]
02:39:56.788 [Test worker] DEBUG org.springframework.test.context.BootstrapUtils - Instantiating TestContextBootstrapper for test class [com.kim.board.springboot.web.IndexControllerTest] from class [org.springframework.boot.test.context.SpringBootTestContextBootstrapper]
02:39:56.805 [Test worker] INFO org.springframework.boot.test.context.SpringBootTestContextBootstrapper - Neither @ContextConfiguration nor @ContextHierarchy found for test class [com.kim.board.springboot.web.IndexControllerTest], using SpringBootContextLoader
02:39:56.809 [Test worker] DEBUG org.springframework.test.context.support.AbstractContextLoader - Did not detect default resource location for test class [com.kim.board.springboot.web.IndexControllerTest]: class path resource [com/kim/board/springboot/web/IndexControllerTest-context.xml] does not exist
02:39:56.810 [Test worker] DEBUG org.springframework.test.context.support.AbstractContextLoader - Did not detect default resource location for test class [com.kim.board.springboot.web.IndexControllerTest]: class path resource [com/kim/board/springboot/web/IndexControllerTestContext.groovy] does not exist
02:39:56.810 [Test worker] INFO org.springframework.test.context.support.AbstractContextLoader - Could not detect default resource locations for test class [com.kim.board.springboot.web.IndexControllerTest]: no resource found for suffixes {-context.xml, Context.groovy}.
02:39:56.812 [Test worker] INFO org.springframework.test.context.support.AnnotationConfigContextLoaderUtils - Could not detect default configuration classes for test class [com.kim.board.springboot.web.IndexControllerTest]: IndexControllerTest does not declare any static, non-private, non-final, nested classes annotated with @Configuration.
02:39:56.878 [Test worker] DEBUG org.springframework.test.context.support.ActiveProfilesUtils - Could not find an 'annotation declaring class' for annotation type [org.springframework.test.context.ActiveProfiles] and class [com.kim.board.springboot.web.IndexControllerTest]
02:39:57.036 [Test worker] DEBUG org.springframework.context.annotation.ClassPathScanningCandidateComponentProvider - Identified candidate component class: file [C:\Users\kihyun\Documents\projects\board-service\build\classes\java\main\com\kim\board\springboot\Application.class]
02:39:57.038 [Test worker] INFO org.springframework.boot.test.context.SpringBootTestContextBootstrapper - Found @SpringBootConfiguration com.kim.board.springboot.Application for test class com.kim.board.springboot.web.IndexControllerTest
02:39:57.180 [Test worker] DEBUG org.springframework.boot.test.context.SpringBootTestContextBootstrapper - @TestExecutionListeners is not present for class [com.kim.board.springboot.web.IndexControllerTest]: using defaults.
02:39:57.181 [Test worker] INFO org.springframework.boot.test.context.SpringBootTestContextBootstrapper - Loaded default TestExecutionListener class names from location [META-INF/spring.factories]: [org.springframework.security.test.context.support.WithSecurityContextTestExecutionListener, org.springframework.security.test.context.support.ReactorContextTestExecutionListener, org.springframework.boot.test.autoconfigure.restdocs.RestDocsTestExecutionListener, org.springframework.boot.test.autoconfigure.web.client.MockRestServiceServerResetTestExecutionListener, org.springframework.boot.test.autoconfigure.web.servlet.MockMvcPrintOnlyOnFailureTestExecutionListener, org.springframework.boot.test.autoconfigure.web.servlet.WebDriverTestExecutionListener, org.springframework.boot.test.mock.mockito.MockitoTestExecutionListener, org.springframework.boot.test.mock.mockito.ResetMocksTestExecutionListener, org.springframework.test.context.web.ServletTestExecutionListener, org.springframework.test.context.support.DirtiesContextBeforeModesTestExecutionListener, org.springframework.test.context.support.DependencyInjectionTestExecutionListener, org.springframework.test.context.support.DirtiesContextTestExecutionListener, org.springframework.test.context.transaction.TransactionalTestExecutionListener, org.springframework.test.context.jdbc.SqlScriptsTestExecutionListener]
02:39:57.211 [Test worker] INFO org.springframework.boot.test.context.SpringBootTestContextBootstrapper - Using TestExecutionListeners: [org.springframework.test.context.web.ServletTestExecutionListener@5812dbd3, org.springframework.test.context.support.DirtiesContextBeforeModesTestExecutionListener@1a8b064, org.springframework.boot.test.mock.mockito.MockitoTestExecutionListener@32f55bbb, org.springframework.boot.test.autoconfigure.SpringBootDependencyInjectionTestExecutionListener@727b1992, org.springframework.test.context.support.DirtiesContextTestExecutionListener@3cf9884d, org.springframework.test.context.transaction.TransactionalTestExecutionListener@78962426, org.springframework.test.context.jdbc.SqlScriptsTestExecutionListener@60a6900c, org.springframework.security.test.context.support.WithSecurityContextTestExecutionListener@4a3bb203, org.springframework.security.test.context.support.ReactorContextTestExecutionListener@3af0f0e9, org.springframework.boot.test.autoconfigure.restdocs.RestDocsTestExecutionListener@730e4485, org.springframework.boot.test.autoconfigure.web.client.MockRestServiceServerResetTestExecutionListener@27fc8c18, org.springframework.boot.test.autoconfigure.web.servlet.MockMvcPrintOnlyOnFailureTestExecutionListener@3040894e, org.springframework.boot.test.autoconfigure.web.servlet.WebDriverTestExecutionListener@d0a4017, org.springframework.boot.test.mock.mockito.ResetMocksTestExecutionListener@ca1075f]
02:39:57.215 [Test worker] DEBUG org.springframework.test.annotation.ProfileValueUtils - Retrieved @ProfileValueSourceConfiguration [null] for test class [com.kim.board.springboot.web.IndexControllerTest]
02:39:57.217 [Test worker] DEBUG org.springframework.test.annotation.ProfileValueUtils - Retrieved ProfileValueSource type [class org.springframework.test.annotation.SystemProfileValueSource] for class [com.kim.board.springboot.web.IndexControllerTest]
02:39:57.217 [Test worker] DEBUG org.springframework.test.annotation.ProfileValueUtils - Retrieved @ProfileValueSourceConfiguration [null] for test class [com.kim.board.springboot.web.IndexControllerTest]
02:39:57.217 [Test worker] DEBUG org.springframework.test.annotation.ProfileValueUtils - Retrieved ProfileValueSource type [class org.springframework.test.annotation.SystemProfileValueSource] for class [com.kim.board.springboot.web.IndexControllerTest]
02:39:57.224 [Test worker] DEBUG org.springframework.test.context.support.AbstractDirtiesContextTestExecutionListener - Before test class: context [DefaultTestContext@7926ae8 testClass = IndexControllerTest, testInstance = [null], testMethod = [null], testException = [null], mergedContextConfiguration = [WebMergedContextConfiguration@3d7a3752 testClass = IndexControllerTest, locations = '{}', classes = '{class com.kim.board.springboot.Application}', contextInitializerClasses = '[]', activeProfiles = '{}', propertySourceLocations = '{}', propertySourceProperties = '{org.springframework.boot.test.context.SpringBootTestContextBootstrapper=true, server.port=0}', contextCustomizers = set[org.springframework.boot.test.autoconfigure.properties.PropertyMappingContextCustomizer@0, org.springframework.boot.test.autoconfigure.web.servlet.WebDriverContextCustomizerFactory$Customizer@1ef8dc23, org.springframework.boot.test.context.filter.ExcludeFilterContextCustomizer@2d2baa49, org.springframework.boot.test.json.DuplicateJsonObjectContextCustomizerFactory$DuplicateJsonObjectContextCustomizer@6618595, org.springframework.boot.test.mock.mockito.MockitoContextCustomizer@0, org.springframework.boot.test.web.client.TestRestTemplateContextCustomizer@63c70224], resourceBasePath = 'src/main/webapp', contextLoader = 'org.springframework.boot.test.context.SpringBootContextLoader', parent = [null]], attributes = map['org.springframework.test.context.web.ServletTestExecutionListener.activateListener' -> false]], class annotated with @DirtiesContext [false] with mode [null].
02:39:57.225 [Test worker] DEBUG org.springframework.test.annotation.ProfileValueUtils - Retrieved @ProfileValueSourceConfiguration [null] for test class [com.kim.board.springboot.web.IndexControllerTest]
02:39:57.225 [Test worker] DEBUG org.springframework.test.annotation.ProfileValueUtils - Retrieved ProfileValueSource type [class org.springframework.test.annotation.SystemProfileValueSource] for class [com.kim.board.springboot.web.IndexControllerTest]
02:39:57.230 [Test worker] DEBUG org.springframework.test.context.support.DependencyInjectionTestExecutionListener - Performing dependency injection for test context [[DefaultTestContext@7926ae8 testClass = IndexControllerTest, testInstance = com.kim.board.springboot.web.IndexControllerTest@ad8d6e9, testMethod = [null], testException = [null], mergedContextConfiguration = [WebMergedContextConfiguration@3d7a3752 testClass = IndexControllerTest, locations = '{}', classes = '{class com.kim.board.springboot.Application}', contextInitializerClasses = '[]', activeProfiles = '{}', propertySourceLocations = '{}', propertySourceProperties = '{org.springframework.boot.test.context.SpringBootTestContextBootstrapper=true, server.port=0}', contextCustomizers = set[org.springframework.boot.test.autoconfigure.properties.PropertyMappingContextCustomizer@0, org.springframework.boot.test.autoconfigure.web.servlet.WebDriverContextCustomizerFactory$Customizer@1ef8dc23, org.springframework.boot.test.context.filter.ExcludeFilterContextCustomizer@2d2baa49, org.springframework.boot.test.json.DuplicateJsonObjectContextCustomizerFactory$DuplicateJsonObjectContextCustomizer@6618595, org.springframework.boot.test.mock.mockito.MockitoContextCustomizer@0, org.springframework.boot.test.web.client.TestRestTemplateContextCustomizer@63c70224], resourceBasePath = 'src/main/webapp', contextLoader = 'org.springframework.boot.test.context.SpringBootContextLoader', parent = [null]], attributes = map['org.springframework.test.context.web.ServletTestExecutionListener.activateListener' -> false]]].
02:39:57.262 [Test worker] DEBUG org.springframework.test.context.support.TestPropertySourceUtils - Adding inlined properties to environment: {spring.jmx.enabled=false, org.springframework.boot.test.context.SpringBootTestContextBootstrapper=true, server.port=0}

  .   ____          _            __ _ _
 /\\ / ___'_ __ _ _(_)_ __  __ _ \ \ \ \
( ( )\___ | '_ | '_| | '_ \/ _` | \ \ \ \
 \\/  ___)| |_)| | | | | || (_| |  ) ) ) )
  '  |____| .__|_| |_|_| |_\__, | / / / /
 =========|_|==============|___/=/_/_/_/
 :: Spring Boot ::        (v2.1.7.RELEASE)

2022-06-09 02:39:57.745  INFO 9900 --- [    Test worker] c.k.b.s.web.IndexControllerTest          : Starting IndexControllerTest on DESKTOP-L4ID8V1 with PID 9900 (started by kihyun in C:\Users\kihyun\Documents\projects\board-service)
2022-06-09 02:39:57.746  INFO 9900 --- [    Test worker] c.k.b.s.web.IndexControllerTest          : The following profiles are active: oauth
2022-06-09 02:39:59.426  INFO 9900 --- [    Test worker] .s.d.r.c.RepositoryConfigurationDelegate : Bootstrapping Spring Data repositories in DEFAULT mode.
2022-06-09 02:39:59.556  INFO 9900 --- [    Test worker] .s.d.r.c.RepositoryConfigurationDelegate : Finished Spring Data repository scanning in 117ms. Found 2 repository interfaces.
2022-06-09 02:40:00.475  INFO 9900 --- [    Test worker] trationDelegate$BeanPostProcessorChecker : Bean 'org.springframework.transaction.annotation.ProxyTransactionManagementConfiguration' of type [org.springframework.transaction.annotation.ProxyTransactionManagementConfiguration$$EnhancerBySpringCGLIB$$e6cfde87] is not eligible for getting processed by all BeanPostProcessors (for example: not eligible for auto-proxying)
2022-06-09 02:40:01.037  INFO 9900 --- [    Test worker] o.s.b.w.embedded.tomcat.TomcatWebServer  : Tomcat initialized with port(s): 0 (http)
2022-06-09 02:40:01.079  INFO 9900 --- [    Test worker] o.apache.catalina.core.StandardService   : Starting service [Tomcat]
2022-06-09 02:40:01.079  INFO 9900 --- [    Test worker] org.apache.catalina.core.StandardEngine  : Starting Servlet engine: [Apache Tomcat/9.0.22]
2022-06-09 02:40:01.314  INFO 9900 --- [    Test worker] o.a.c.c.C.[Tomcat].[localhost].[/]       : Initializing Spring embedded WebApplicationContext
2022-06-09 02:40:01.315  INFO 9900 --- [    Test worker] o.s.web.context.ContextLoader            : Root WebApplicationContext: initialization completed in 3531 ms
2022-06-09 02:40:01.750  INFO 9900 --- [    Test worker] com.zaxxer.hikari.HikariDataSource       : HikariPool-1 - Starting...
2022-06-09 02:40:02.013  INFO 9900 --- [    Test worker] com.zaxxer.hikari.HikariDataSource       : HikariPool-1 - Start completed.
2022-06-09 02:40:02.192  INFO 9900 --- [    Test worker] o.hibernate.jpa.internal.util.LogHelper  : HHH000204: Processing PersistenceUnitInfo [
	name: default
	...]
2022-06-09 02:40:02.338  INFO 9900 --- [    Test worker] org.hibernate.Version                    : HHH000412: Hibernate Core {5.3.10.Final}
2022-06-09 02:40:02.343  INFO 9900 --- [    Test worker] org.hibernate.cfg.Environment            : HHH000206: hibernate.properties not found
2022-06-09 02:40:02.646  INFO 9900 --- [    Test worker] o.hibernate.annotations.common.Version   : HCANN000001: Hibernate Commons Annotations {5.0.4.Final}
2022-06-09 02:40:03.027  INFO 9900 --- [    Test worker] org.hibernate.dialect.Dialect            : HHH000400: Using dialect: org.hibernate.dialect.MySQL57Dialect
Hibernate: drop table if exists posts
Hibernate: drop table if exists user
Hibernate: create table posts (id bigint not null auto_increment, created_date datetime(6), modified_date datetime(6), author varchar(255), content TEXT not null, title varchar(500) not null, primary key (id)) engine=InnoDB
Hibernate: create table user (id bigint not null auto_increment, created_date datetime(6), modified_date datetime(6), email varchar(255) not null, name varchar(255) not null, picture varchar(255), role varchar(255) not null, primary key (id)) engine=InnoDB
2022-06-09 02:40:04.290  INFO 9900 --- [    Test worker] o.h.t.schema.internal.SchemaCreatorImpl  : HHH000476: Executing import script 'org.hibernate.tool.schema.internal.exec.ScriptSourceInputNonExistentImpl@7587d65b'
2022-06-09 02:40:04.296  INFO 9900 --- [    Test worker] j.LocalContainerEntityManagerFactoryBean : Initialized JPA EntityManagerFactory for persistence unit 'default'
2022-06-09 02:40:05.659  INFO 9900 --- [    Test worker] o.h.h.i.QueryTranslatorFactoryInitiator  : HHH000397: Using ASTQueryTranslatorFactory
2022-06-09 02:40:06.449  INFO 9900 --- [    Test worker] o.s.s.web.DefaultSecurityFilterChain     : Creating filter chain: any request, [org.springframework.security.web.context.request.async.WebAsyncManagerIntegrationFilter@cea7b84, org.springframework.security.web.context.SecurityContextPersistenceFilter@68058d43, org.springframework.security.web.header.HeaderWriterFilter@5d9413bc, org.springframework.security.web.authentication.logout.LogoutFilter@4c60ef98, org.springframework.security.oauth2.client.web.OAuth2AuthorizationRequestRedirectFilter@151fb58c, org.springframework.security.oauth2.client.web.OAuth2LoginAuthenticationFilter@7efc86c3, org.springframework.security.web.authentication.ui.DefaultLoginPageGeneratingFilter@45833bcb, org.springframework.security.web.authentication.ui.DefaultLogoutPageGeneratingFilter@3fc3185b, org.springframework.security.web.savedrequest.RequestCacheAwareFilter@57e2a871, org.springframework.security.web.servletapi.SecurityContextHolderAwareRequestFilter@232f8f2e, org.springframework.security.web.authentication.AnonymousAuthenticationFilter@4b51eff2, org.springframework.security.web.session.SessionManagementFilter@2166d8e1, org.springframework.security.web.access.ExceptionTranslationFilter@59e39471, org.springframework.security.web.access.intercept.FilterSecurityInterceptor@530e3b2]
2022-06-09 02:40:07.003  INFO 9900 --- [    Test worker] o.s.s.concurrent.ThreadPoolTaskExecutor  : Initializing ExecutorService 'applicationTaskExecutor'
2022-06-09 02:40:07.112  WARN 9900 --- [    Test worker] aWebConfiguration$JpaWebMvcConfiguration : spring.jpa.open-in-view is enabled by default. Therefore, database queries may be performed during view rendering. Explicitly configure spring.jpa.open-in-view to disable this warning
2022-06-09 02:40:07.203  INFO 9900 --- [    Test worker] o.s.b.a.w.s.WelcomePageHandlerMapping    : Adding welcome page template: index
2022-06-09 02:40:07.921  INFO 9900 --- [    Test worker] s.a.ScheduledAnnotationBeanPostProcessor : No TaskScheduler/ScheduledExecutorService bean found for scheduled processing
2022-06-09 02:40:07.959  INFO 9900 --- [    Test worker] o.s.b.w.embedded.tomcat.TomcatWebServer  : Tomcat started on port(s): 51010 (http) with context path ''
2022-06-09 02:40:07.962  INFO 9900 --- [    Test worker] c.k.b.s.web.IndexControllerTest          : Started IndexControllerTest in 10.697 seconds (JVM running for 12.309)
2022-06-09 02:40:08.250  INFO 9900 --- [o-auto-1-exec-1] o.a.c.c.C.[Tomcat].[localhost].[/]       : Initializing Spring DispatcherServlet 'dispatcherServlet'
2022-06-09 02:40:08.250  INFO 9900 --- [o-auto-1-exec-1] o.s.web.servlet.DispatcherServlet        : Initializing Servlet 'dispatcherServlet'
2022-06-09 02:40:08.286  INFO 9900 --- [o-auto-1-exec-1] o.s.web.servlet.DispatcherServlet        : Completed initialization in 34 ms
Hibernate: select posts0_.id as id1_0_, posts0_.created_date as created_2_0_, posts0_.modified_date as modified3_0_, posts0_.author as author4_0_, posts0_.content as content5_0_, posts0_.title as title6_0_ from posts posts0_ order by posts0_.id DESC
]]></system-out>
  <system-err><![CDATA[]]></system-err>
</testsuite>
