<?xml version="1.0" encoding="UTF-8"?>
<testsuite name="com.kim.board.springboot.web.dto.HelloResponseDtoTest" tests="1" skipped="0" failures="0" errors="0" timestamp="2022-06-08T17:40:11" hostname="DESKTOP-L4ID8V1" time="0.005">
  <properties/>
  <testcase name="lombokTest" classname="com.kim.board.springboot.web.dto.HelloResponseDtoTest" time="0.005"/>
  <system-out><![CDATA[]]></system-out>
  <system-err><![CDATA[]]></system-err>
</testsuite>
